{"meta": {"format": 3, "version": "7.11.0", "timestamp": "2025-10-26T20:51:01.527507", "branch_coverage": false, "show_contexts": false}, "files": {"rag_chatbot/__init__.py": {"executed_lines": [1, 3], "summary": {"covered_lines": 1, "num_statements": 1, "percent_covered": 100.0, "percent_covered_display": "100.00", "missing_lines": 0, "excluded_lines": 0}, "missing_lines": [], "excluded_lines": [], "functions": {"": {"executed_lines": [1, 3], "summary": {"covered_lines": 1, "num_statements": 1, "percent_covered": 100.0, "percent_covered_display": "100.00", "missing_lines": 0, "excluded_lines": 0}, "missing_lines": [], "excluded_lines": []}}, "classes": {"": {"executed_lines": [1, 3], "summary": {"covered_lines": 1, "num_statements": 1, "percent_covered": 100.0, "percent_covered_display": "100.00", "missing_lines": 0, "excluded_lines": 0}, "missing_lines": [], "excluded_lines": []}}}, "rag_chatbot/agent.py": {"executed_lines": [1, 7, 8, 9, 10, 11, 13, 16, 17, 31, 54, 79, 90, 102, 125, 196, 205], "summary": {"covered_lines": 15, "num_statements": 74, "percent_covered": 20.27027027027027, "percent_covered_display": "20.27", "missing_lines": 59, "excluded_lines": 0}, "missing_lines": [71, 72, 73, 74, 75, 77, 85, 86, 87, 88, 99, 100, 112, 113, 114, 117, 118, 120, 121, 123, 135, 138, 139, 145, 146, 149, 150, 151, 152, 153, 155, 156, 159, 160, 163, 164, 165, 168, 169, 170, 172, 173, 174, 175, 176, 179, 181, 182, 185, 186, 188, 190, 193, 194, 202, 203, 211, 212, 213], "excluded_lines": [], "functions": {"Agent.__init__": {"executed_lines": [], "summary": {"covered_lines": 0, "num_statements": 6, "percent_covered": 0.0, "percent_covered_display": "0.00", "missing_lines": 6, "excluded_lines": 0}, "missing_lines": [71, 72, 73, 74, 75, 77], "excluded_lines": []}, "Agent._build_tools_description": {"executed_lines": [], "summary": {"covered_lines": 0, "num_statements": 4, "percent_covered": 0.0, "percent_covered_display": "0.00", "missing_lines": 4, "excluded_lines": 0}, "missing_lines": [85, 86, 87, 88], "excluded_lines": []}, "Agent._parse_thought": {"executed_lines": [], "summary": {"covered_lines": 0, "num_statements": 2, "percent_covered": 0.0, "percent_covered_display": "0.00", "missing_lines": 2, "excluded_lines": 0}, "missing_lines": [99, 100], "excluded_lines": []}, "Agent._parse_action": {"executed_lines": [], "summary": {"covered_lines": 0, "num_statements": 8, "percent_covered": 0.0, "percent_covered_display": "0.00", "missing_lines": 8, "excluded_lines": 0}, "missing_lines": [112, 113, 114, 117, 118, 120, 121, 123], "excluded_lines": []}, "Agent.run": {"executed_lines": [], "summary": {"covered_lines": 0, "num_statements": 34, "percent_covered": 0.0, "percent_covered_display": "0.00", "missing_lines": 34, "excluded_lines": 0}, "missing_lines": [135, 138, 139, 145, 146, 149, 150, 151, 152, 153, 155, 156, 159, 160, 163, 164, 165, 168, 169, 170, 172, 173, 174, 175, 176, 179, 181, 182, 185, 186, 188, 190, 193, 194], "excluded_lines": []}, "Agent.add_tool": {"executed_lines": [], "summary": {"covered_lines": 0, "num_statements": 2, "percent_covered": 0.0, "percent_covered_display": "0.00", "missing_lines": 2, "excluded_lines": 0}, "missing_lines": [202, 203], "excluded_lines": []}, "Agent.remove_tool": {"executed_lines": [], "summary": {"covered_lines": 0, "num_statements": 3, "percent_covered": 0.0, "percent_covered_display": "0.00", "missing_lines": 3, "excluded_lines": 0}, "missing_lines": [211, 212, 213], "excluded_lines": []}, "": {"executed_lines": [1, 7, 8, 9, 10, 11, 13, 16, 17, 31, 54, 79, 90, 102, 125, 196, 205], "summary": {"covered_lines": 15, "num_statements": 15, "percent_covered": 100.0, "percent_covered_display": "100.00", "missing_lines": 0, "excluded_lines": 0}, "missing_lines": [], "excluded_lines": []}}, "classes": {"Agent": {"executed_lines": [], "summary": {"covered_lines": 0, "num_statements": 59, "percent_covered": 0.0, "percent_covered_display": "0.00", "missing_lines": 59, "excluded_lines": 0}, "missing_lines": [71, 72, 73, 74, 75, 77, 85, 86, 87, 88, 99, 100, 112, 113, 114, 117, 118, 120, 121, 123, 135, 138, 139, 145, 146, 149, 150, 151, 152, 153, 155, 156, 159, 160, 163, 164, 165, 168, 169, 170, 172, 173, 174, 175, 176, 179, 181, 182, 185, 186, 188, 190, 193, 194, 202, 203, 211, 212, 213], "excluded_lines": []}, "": {"executed_lines": [1, 7, 8, 9, 10, 11, 13, 16, 17, 31, 54, 79, 90, 102, 125, 196, 205], "summary": {"covered_lines": 15, "num_statements": 15, "percent_covered": 100.0, "percent_covered_display": "100.00", "missing_lines": 0, "excluded_lines": 0}, "missing_lines": [], "excluded_lines": []}}}, "rag_chatbot/base.py": {"executed_lines": [1, 7, 8, 9, 12, 13, 19, 25, 27, 28, 41, 42, 44, 45, 56, 77, 78, 80, 81, 93, 106, 107, 109, 110, 123, 141, 142, 144, 145, 157], "summary": {"covered_lines": 24, "num_statements": 44, "percent_covered": 54.54545454545455, "percent_covered_display": "54.55", "missing_lines": 20, "excluded_lines": 0}, "missing_lines": [38, 54, 66, 67, 68, 69, 70, 71, 72, 74, 91, 103, 121, 133, 134, 135, 136, 138, 155, 167], "excluded_lines": [], "functions": {"BaseComponent.__init__": {"executed_lines": [25], "summary": {"covered_lines": 1, "num_statements": 1, "percent_covered": 100.0, "percent_covered_display": "100.00", "missing_lines": 0, "excluded_lines": 0}, "missing_lines": [], "excluded_lines": []}, "BaseComponent.run": {"executed_lines": [], "summary": {"covered_lines": 0, "num_statements": 1, "percent_covered": 0.0, "percent_covered_display": "0.00", "missing_lines": 1, "excluded_lines": 0}, "missing_lines": [38], "excluded_lines": []}, "BaseChunker.chunk": {"executed_lines": [], "summary": {"covered_lines": 0, "num_statements": 1, "percent_covered": 0.0, "percent_covered_display": "0.00", "missing_lines": 1, "excluded_lines": 0}, "missing_lines": [54], "excluded_lines": []}, "BaseChunker.run": {"executed_lines": [], "summary": {"covered_lines": 0, "num_statements": 8, "percent_covered": 0.0, "percent_covered_display": "0.00", "missing_lines": 8, "excluded_lines": 0}, "missing_lines": [66, 67, 68, 69, 70, 71, 72, 74], "excluded_lines": []}, "BaseRetriever.retrieve": {"executed_lines": [], "summary": {"covered_lines": 0, "num_statements": 1, "percent_covered": 0.0, "percent_covered_display": "0.00", "missing_lines": 1, "excluded_lines": 0}, "missing_lines": [91], "excluded_lines": []}, "BaseRetriever.run": {"executed_lines": [], "summary": {"covered_lines": 0, "num_statements": 1, "percent_covered": 0.0, "percent_covered_display": "0.00", "missing_lines": 1, "excluded_lines": 0}, "missing_lines": [103], "excluded_lines": []}, "BaseReRanker.rerank": {"executed_lines": [], "summary": {"covered_lines": 0, "num_statements": 1, "percent_covered": 0.0, "percent_covered_display": "0.00", "missing_lines": 1, "excluded_lines": 0}, "missing_lines": [121], "excluded_lines": []}, "BaseReRanker.run": {"executed_lines": [], "summary": {"covered_lines": 0, "num_statements": 5, "percent_covered": 0.0, "percent_covered_display": "0.00", "missing_lines": 5, "excluded_lines": 0}, "missing_lines": [133, 134, 135, 136, 138], "excluded_lines": []}, "BaseGenerator.generate": {"executed_lines": [], "summary": {"covered_lines": 0, "num_statements": 1, "percent_covered": 0.0, "percent_covered_display": "0.00", "missing_lines": 1, "excluded_lines": 0}, "missing_lines": [155], "excluded_lines": []}, "BaseGenerator.run": {"executed_lines": [], "summary": {"covered_lines": 0, "num_statements": 1, "percent_covered": 0.0, "percent_covered_display": "0.00", "missing_lines": 1, "excluded_lines": 0}, "missing_lines": [167], "excluded_lines": []}, "": {"executed_lines": [1, 7, 8, 9, 12, 13, 19, 27, 28, 41, 42, 44, 45, 56, 77, 78, 80, 81, 93, 106, 107, 109, 110, 123, 141, 142, 144, 145, 157], "summary": {"covered_lines": 23, "num_statements": 23, "percent_covered": 100.0, "percent_covered_display": "100.00", "missing_lines": 0, "excluded_lines": 0}, "missing_lines": [], "excluded_lines": []}}, "classes": {"BaseComponent": {"executed_lines": [25], "summary": {"covered_lines": 1, "num_statements": 2, "percent_covered": 50.0, "percent_covered_display": "50.00", "missing_lines": 1, "excluded_lines": 0}, "missing_lines": [38], "excluded_lines": []}, "BaseChunker": {"executed_lines": [], "summary": {"covered_lines": 0, "num_statements": 9, "percent_covered": 0.0, "percent_covered_display": "0.00", "missing_lines": 9, "excluded_lines": 0}, "missing_lines": [54, 66, 67, 68, 69, 70, 71, 72, 74], "excluded_lines": []}, "BaseRetriever": {"executed_lines": [], "summary": {"covered_lines": 0, "num_statements": 2, "percent_covered": 0.0, "percent_covered_display": "0.00", "missing_lines": 2, "excluded_lines": 0}, "missing_lines": [91, 103], "excluded_lines": []}, "BaseReRanker": {"executed_lines": [], "summary": {"covered_lines": 0, "num_statements": 6, "percent_covered": 0.0, "percent_covered_display": "0.00", "missing_lines": 6, "excluded_lines": 0}, "missing_lines": [121, 133, 134, 135, 136, 138], "excluded_lines": []}, "BaseGenerator": {"executed_lines": [], "summary": {"covered_lines": 0, "num_statements": 2, "percent_covered": 0.0, "percent_covered_display": "0.00", "missing_lines": 2, "excluded_lines": 0}, "missing_lines": [155, 167], "excluded_lines": []}, "": {"executed_lines": [1, 7, 8, 9, 12, 13, 19, 27, 28, 41, 42, 44, 45, 56, 77, 78, 80, 81, 93, 106, 107, 109, 110, 123, 141, 142, 144, 145, 157], "summary": {"covered_lines": 23, "num_statements": 23, "percent_covered": 100.0, "percent_covered_display": "100.00", "missing_lines": 0, "excluded_lines": 0}, "missing_lines": [], "excluded_lines": []}}}, "rag_chatbot/chunking.py": {"executed_lines": [1, 7, 8, 9, 10, 11, 12, 14, 17, 33, 56, 57, 68, 85], "summary": {"covered_lines": 12, "num_statements": 47, "percent_covered": 25.53191489361702, "percent_covered_display": "25.53", "missing_lines": 35, "excluded_lines": 0}, "missing_lines": [28, 30, 43, 44, 46, 47, 48, 50, 51, 53, 76, 81, 82, 83, 95, 98, 100, 101, 103, 104, 107, 108, 111, 112, 114, 116, 121, 123, 125, 128, 129, 132, 133, 135, 136], "excluded_lines": [], "functions": {"split_into_sentences": {"executed_lines": [], "summary": {"covered_lines": 0, "num_statements": 2, "percent_covered": 0.0, "percent_covered_display": "0.00", "missing_lines": 2, "excluded_lines": 0}, "missing_lines": [28, 30], "excluded_lines": []}, "cosine_similarity": {"executed_lines": [], "summary": {"covered_lines": 0, "num_statements": 8, "percent_covered": 0.0, "percent_covered_display": "0.00", "missing_lines": 8, "excluded_lines": 0}, "missing_lines": [43, 44, 46, 47, 48, 50, 51, 53], "excluded_lines": []}, "SemanticChunker.__init__": {"executed_lines": [], "summary": {"covered_lines": 0, "num_statements": 4, "percent_covered": 0.0, "percent_covered_display": "0.00", "missing_lines": 4, "excluded_lines": 0}, "missing_lines": [76, 81, 82, 83], "excluded_lines": []}, "SemanticChunker.chunk": {"executed_lines": [], "summary": {"covered_lines": 0, "num_statements": 21, "percent_covered": 0.0, "percent_covered_display": "0.00", "missing_lines": 21, "excluded_lines": 0}, "missing_lines": [95, 98, 100, 101, 103, 104, 107, 108, 111, 112, 114, 116, 121, 123, 125, 128, 129, 132, 133, 135, 136], "excluded_lines": []}, "": {"executed_lines": [1, 7, 8, 9, 10, 11, 12, 14, 17, 33, 56, 57, 68, 85], "summary": {"covered_lines": 12, "num_statements": 12, "percent_covered": 100.0, "percent_covered_display": "100.00", "missing_lines": 0, "excluded_lines": 0}, "missing_lines": [], "excluded_lines": []}}, "classes": {"SemanticChunker": {"executed_lines": [], "summary": {"covered_lines": 0, "num_statements": 25, "percent_covered": 0.0, "percent_covered_display": "0.00", "missing_lines": 25, "excluded_lines": 0}, "missing_lines": [76, 81, 82, 83, 95, 98, 100, 101, 103, 104, 107, 108, 111, 112, 114, 116, 121, 123, 125, 128, 129, 132, 133, 135, 136], "excluded_lines": []}, "": {"executed_lines": [1, 7, 8, 9, 10, 11, 12, 14, 17, 33, 56, 57, 68, 85], "summary": {"covered_lines": 12, "num_statements": 22, "percent_covered": 54.54545454545455, "percent_covered_display": "54.55", "missing_lines": 10, "excluded_lines": 0}, "missing_lines": [28, 30, 43, 44, 46, 47, 48, 50, 51, 53], "excluded_lines": []}}}, "rag_chatbot/components/__init__.py": {"executed_lines": [1], "summary": {"covered_lines": 0, "num_statements": 0, "percent_covered": 100.0, "percent_covered_display": "100.00", "missing_lines": 0, "excluded_lines": 0}, "missing_lines": [], "excluded_lines": [], "functions": {"": {"executed_lines": [1], "summary": {"covered_lines": 0, "num_statements": 0, "percent_covered": 100.0, "percent_covered_display": "100.00", "missing_lines": 0, "excluded_lines": 0}, "missing_lines": [], "excluded_lines": []}}, "classes": {"": {"executed_lines": [1], "summary": {"covered_lines": 0, "num_statements": 0, "percent_covered": 100.0, "percent_covered_display": "100.00", "missing_lines": 0, "excluded_lines": 0}, "missing_lines": [], "excluded_lines": []}}}, "rag_chatbot/components/embedders.py": {"executed_lines": [1, 3, 4, 6, 8, 9, 11, 14, 15, 20, 26, 27, 28, 30, 39, 40, 41, 43, 52, 53, 54], "summary": {"covered_lines": 19, "num_statements": 19, "percent_covered": 100.0, "percent_covered_display": "100.00", "missing_lines": 0, "excluded_lines": 0}, "missing_lines": [], "excluded_lines": [], "functions": {"MiniLMEmbedder.__init__": {"executed_lines": [26, 27, 28], "summary": {"covered_lines": 3, "num_statements": 3, "percent_covered": 100.0, "percent_covered_display": "100.00", "missing_lines": 0, "excluded_lines": 0}, "missing_lines": [], "excluded_lines": []}, "MiniLMEmbedder.embed_documents": {"executed_lines": [39, 40, 41], "summary": {"covered_lines": 3, "num_statements": 3, "percent_covered": 100.0, "percent_covered_display": "100.00", "missing_lines": 0, "excluded_lines": 0}, "missing_lines": [], "excluded_lines": []}, "MiniLMEmbedder.embed_query": {"executed_lines": [52, 53, 54], "summary": {"covered_lines": 3, "num_statements": 3, "percent_covered": 100.0, "percent_covered_display": "100.00", "missing_lines": 0, "excluded_lines": 0}, "missing_lines": [], "excluded_lines": []}, "": {"executed_lines": [1, 3, 4, 6, 8, 9, 11, 14, 15, 20, 30, 43], "summary": {"covered_lines": 10, "num_statements": 10, "percent_covered": 100.0, "percent_covered_display": "100.00", "missing_lines": 0, "excluded_lines": 0}, "missing_lines": [], "excluded_lines": []}}, "classes": {"MiniLMEmbedder": {"executed_lines": [26, 27, 28, 39, 40, 41, 52, 53, 54], "summary": {"covered_lines": 9, "num_statements": 9, "percent_covered": 100.0, "percent_covered_display": "100.00", "missing_lines": 0, "excluded_lines": 0}, "missing_lines": [], "excluded_lines": []}, "": {"executed_lines": [1, 3, 4, 6, 8, 9, 11, 14, 15, 20, 30, 43], "summary": {"covered_lines": 10, "num_statements": 10, "percent_covered": 100.0, "percent_covered_display": "100.00", "missing_lines": 0, "excluded_lines": 0}, "missing_lines": [], "excluded_lines": []}}}, "rag_chatbot/components/llms.py": {"executed_lines": [1, 3, 4, 6, 7, 11, 12, 14, 17, 18, 24, 35, 39, 40, 43, 47, 48, 50, 53, 55, 56, 61, 72, 73, 74, 76, 77, 79, 81, 88, 89, 91, 93, 94, 95, 97, 98, 99, 102, 103, 108, 114, 115, 117, 127, 128, 129, 130], "summary": {"covered_lines": 45, "num_statements": 54, "percent_covered": 83.33333333333333, "percent_covered_display": "83.33", "missing_lines": 9, "excluded_lines": 0}, "missing_lines": [8, 9, 36, 37, 44, 45, 57, 58, 59], "excluded_lines": [], "functions": {"OllamaLLM.__init__": {"executed_lines": [35, 39, 40, 43, 47, 48, 50, 53, 55, 56], "summary": {"covered_lines": 10, "num_statements": 17, "percent_covered": 58.8235294117647, "percent_covered_display": "58.82", "missing_lines": 7, "excluded_lines": 0}, "missing_lines": [36, 37, 44, 45, 57, 58, 59], "excluded_lines": []}, "OllamaLLM.generate": {"executed_lines": [72, 73, 74, 76, 77, 79, 81, 88, 89, 91, 93, 94, 95, 97, 98, 99], "summary": {"covered_lines": 16, "num_statements": 16, "percent_covered": 100.0, "percent_covered_display": "100.00", "missing_lines": 0, "excluded_lines": 0}, "missing_lines": [], "excluded_lines": []}, "MockLLM.__init__": {"executed_lines": [114, 115], "summary": {"covered_lines": 2, "num_statements": 2, "percent_covered": 100.0, "percent_covered_display": "100.00", "missing_lines": 0, "excluded_lines": 0}, "missing_lines": [], "excluded_lines": []}, "MockLLM.generate": {"executed_lines": [127, 128, 129, 130], "summary": {"covered_lines": 4, "num_statements": 4, "percent_covered": 100.0, "percent_covered_display": "100.00", "missing_lines": 0, "excluded_lines": 0}, "missing_lines": [], "excluded_lines": []}, "": {"executed_lines": [1, 3, 4, 6, 7, 11, 12, 14, 17, 18, 24, 61, 102, 103, 108, 117], "summary": {"covered_lines": 13, "num_statements": 15, "percent_covered": 86.66666666666667, "percent_covered_display": "86.67", "missing_lines": 2, "excluded_lines": 0}, "missing_lines": [8, 9], "excluded_lines": []}}, "classes": {"OllamaLLM": {"executed_lines": [35, 39, 40, 43, 47, 48, 50, 53, 55, 56, 72, 73, 74, 76, 77, 79, 81, 88, 89, 91, 93, 94, 95, 97, 98, 99], "summary": {"covered_lines": 26, "num_statements": 33, "percent_covered": 78.78787878787878, "percent_covered_display": "78.79", "missing_lines": 7, "excluded_lines": 0}, "missing_lines": [36, 37, 44, 45, 57, 58, 59], "excluded_lines": []}, "MockLLM": {"executed_lines": [114, 115, 127, 128, 129, 130], "summary": {"covered_lines": 6, "num_statements": 6, "percent_covered": 100.0, "percent_covered_display": "100.00", "missing_lines": 0, "excluded_lines": 0}, "missing_lines": [], "excluded_lines": []}, "": {"executed_lines": [1, 3, 4, 6, 7, 11, 12, 14, 17, 18, 24, 61, 102, 103, 108, 117], "summary": {"covered_lines": 13, "num_statements": 15, "percent_covered": 86.66666666666667, "percent_covered_display": "86.67", "missing_lines": 2, "excluded_lines": 0}, "missing_lines": [8, 9], "excluded_lines": []}}}, "rag_chatbot/components/loaders.py": {"executed_lines": [1, 3, 4, 5, 6, 8, 10, 13, 14, 19, 28, 29, 32, 39, 40, 41, 42, 43, 44, 45, 46, 47, 49, 50, 52, 61, 62, 64, 65, 71, 73, 82, 83, 88, 89, 91, 92, 93, 95, 97, 98, 100, 107, 109, 118, 119, 124, 125, 127, 128, 129, 131, 132, 134, 141, 145, 146, 147], "summary": {"covered_lines": 55, "num_statements": 61, "percent_covered": 90.1639344262295, "percent_covered_display": "90.16", "missing_lines": 6, "excluded_lines": 0}, "missing_lines": [84, 85, 86, 120, 121, 122], "excluded_lines": [], "functions": {"UniversalLoader.load": {"executed_lines": [28, 29, 32, 39, 40, 41, 42, 43, 44, 45, 46, 47, 49, 50], "summary": {"covered_lines": 14, "num_statements": 14, "percent_covered": 100.0, "percent_covered_display": "100.00", "missing_lines": 0, "excluded_lines": 0}, "missing_lines": [], "excluded_lines": []}, "UniversalLoader._load_text": {"executed_lines": [61, 62, 64, 65, 71], "summary": {"covered_lines": 5, "num_statements": 5, "percent_covered": 100.0, "percent_covered_display": "100.00", "missing_lines": 0, "excluded_lines": 0}, "missing_lines": [], "excluded_lines": []}, "UniversalLoader._load_pdf": {"executed_lines": [82, 83, 88, 89, 91, 92, 93, 95, 97, 98, 100, 107], "summary": {"covered_lines": 12, "num_statements": 15, "percent_covered": 80.0, "percent_covered_display": "80.00", "missing_lines": 3, "excluded_lines": 0}, "missing_lines": [84, 85, 86], "excluded_lines": []}, "UniversalLoader._load_docx": {"executed_lines": [118, 119, 124, 125, 127, 128, 129, 131, 132, 134, 141], "summary": {"covered_lines": 11, "num_statements": 14, "percent_covered": 78.57142857142857, "percent_covered_display": "78.57", "missing_lines": 3, "excluded_lines": 0}, "missing_lines": [120, 121, 122], "excluded_lines": []}, "": {"executed_lines": [1, 3, 4, 5, 6, 8, 10, 13, 14, 19, 52, 73, 109, 145, 146, 147], "summary": {"covered_lines": 13, "num_statements": 13, "percent_covered": 100.0, "percent_covered_display": "100.00", "missing_lines": 0, "excluded_lines": 0}, "missing_lines": [], "excluded_lines": []}}, "classes": {"UniversalLoader": {"executed_lines": [28, 29, 32, 39, 40, 41, 42, 43, 44, 45, 46, 47, 49, 50, 61, 62, 64, 65, 71, 82, 83, 88, 89, 91, 92, 93, 95, 97, 98, 100, 107, 118, 119, 124, 125, 127, 128, 129, 131, 132, 134, 141], "summary": {"covered_lines": 42, "num_statements": 48, "percent_covered": 87.5, "percent_covered_display": "87.50", "missing_lines": 6, "excluded_lines": 0}, "missing_lines": [84, 85, 86, 120, 121, 122], "excluded_lines": []}, "FolderLoader": {"executed_lines": [], "summary": {"covered_lines": 0, "num_statements": 0, "percent_covered": 100.0, "percent_covered_display": "100.00", "missing_lines": 0, "excluded_lines": 0}, "missing_lines": [], "excluded_lines": []}, "": {"executed_lines": [1, 3, 4, 5, 6, 8, 10, 13, 14, 19, 52, 73, 109, 145, 146, 147], "summary": {"covered_lines": 13, "num_statements": 13, "percent_covered": 100.0, "percent_covered_display": "100.00", "missing_lines": 0, "excluded_lines": 0}, "missing_lines": [], "excluded_lines": []}}}, "rag_chatbot/components/text_splitters.py": {"executed_lines": [1, 3, 4, 5, 7, 9, 12, 13, 24, 37, 38, 39, 41, 46, 55, 57, 59, 61, 64, 66, 69, 70, 72, 76, 78, 83, 85, 95, 96, 99, 100, 104, 106, 111, 122, 124, 125, 126, 128, 129, 132, 134, 135, 136, 140, 141, 143, 144, 145, 146, 147, 149, 151, 152, 155, 156, 159, 160, 161, 162, 164, 166], "summary": {"covered_lines": 60, "num_statements": 76, "percent_covered": 78.94736842105263, "percent_covered_display": "78.95", "missing_lines": 16, "excluded_lines": 0}, "missing_lines": [102, 109, 175, 176, 178, 179, 182, 184, 185, 186, 188, 189, 192, 195, 196, 198], "excluded_lines": [], "functions": {"RecursiveCharacterTextSplitter.__init__": {"executed_lines": [37, 38, 39, 41], "summary": {"covered_lines": 4, "num_statements": 4, "percent_covered": 100.0, "percent_covered_display": "100.00", "missing_lines": 0, "excluded_lines": 0}, "missing_lines": [], "excluded_lines": []}, "RecursiveCharacterTextSplitter.split_documents": {"executed_lines": [55, 57, 59, 61, 64, 66, 69, 70, 72, 76, 78, 83], "summary": {"covered_lines": 12, "num_statements": 12, "percent_covered": 100.0, "percent_covered_display": "100.00", "missing_lines": 0, "excluded_lines": 0}, "missing_lines": [], "excluded_lines": []}, "RecursiveCharacterTextSplitter._split_text": {"executed_lines": [95, 96, 99, 100, 104, 106], "summary": {"covered_lines": 6, "num_statements": 8, "percent_covered": 75.0, "percent_covered_display": "75.00", "missing_lines": 2, "excluded_lines": 0}, "missing_lines": [102, 109], "excluded_lines": []}, "RecursiveCharacterTextSplitter._split_by_separator": {"executed_lines": [122, 124, 125, 126, 128, 129, 132, 134, 135, 136, 140, 141, 143, 144, 145, 146, 147, 149, 151, 152, 155, 156, 159, 160, 161, 162, 164], "summary": {"covered_lines": 27, "num_statements": 27, "percent_covered": 100.0, "percent_covered_display": "100.00", "missing_lines": 0, "excluded_lines": 0}, "missing_lines": [], "excluded_lines": []}, "RecursiveCharacterTextSplitter._split_by_character": {"executed_lines": [], "summary": {"covered_lines": 0, "num_statements": 14, "percent_covered": 0.0, "percent_covered_display": "0.00", "missing_lines": 14, "excluded_lines": 0}, "missing_lines": [175, 176, 178, 179, 182, 184, 185, 186, 188, 189, 192, 195, 196, 198], "excluded_lines": []}, "": {"executed_lines": [1, 3, 4, 5, 7, 9, 12, 13, 24, 46, 85, 111, 166], "summary": {"covered_lines": 11, "num_statements": 11, "percent_covered": 100.0, "percent_covered_display": "100.00", "missing_lines": 0, "excluded_lines": 0}, "missing_lines": [], "excluded_lines": []}}, "classes": {"RecursiveCharacterTextSplitter": {"executed_lines": [37, 38, 39, 41, 55, 57, 59, 61, 64, 66, 69, 70, 72, 76, 78, 83, 95, 96, 99, 100, 104, 106, 122, 124, 125, 126, 128, 129, 132, 134, 135, 136, 140, 141, 143, 144, 145, 146, 147, 149, 151, 152, 155, 156, 159, 160, 161, 162, 164], "summary": {"covered_lines": 49, "num_statements": 65, "percent_covered": 75.38461538461539, "percent_covered_display": "75.38", "missing_lines": 16, "excluded_lines": 0}, "missing_lines": [102, 109, 175, 176, 178, 179, 182, 184, 185, 186, 188, 189, 192, 195, 196, 198], "excluded_lines": []}, "": {"executed_lines": [1, 3, 4, 5, 7, 9, 12, 13, 24, 46, 85, 111, 166], "summary": {"covered_lines": 11, "num_statements": 11, "percent_covered": 100.0, "percent_covered_display": "100.00", "missing_lines": 0, "excluded_lines": 0}, "missing_lines": [], "excluded_lines": []}}}, "rag_chatbot/components/vector_stores.py": {"executed_lines": [1, 3, 4, 5, 6, 8, 9, 11, 14, 15, 20, 27, 30, 31, 33, 34, 35, 41, 42, 44, 54, 55, 57, 59, 60, 62, 69, 70, 71, 74, 77, 78, 81, 88, 90, 100, 102, 108, 110, 111, 112, 113, 117, 118], "summary": {"covered_lines": 42, "num_statements": 44, "percent_covered": 95.45454545454545, "percent_covered_display": "95.45", "missing_lines": 2, "excluded_lines": 0}, "missing_lines": [37, 38], "excluded_lines": [], "functions": {"ChromaVectorStore.__init__": {"executed_lines": [27, 30, 31, 33, 34, 35, 41, 42], "summary": {"covered_lines": 8, "num_statements": 10, "percent_covered": 80.0, "percent_covered_display": "80.00", "missing_lines": 2, "excluded_lines": 0}, "missing_lines": [37, 38], "excluded_lines": []}, "ChromaVectorStore._generate_doc_id": {"executed_lines": [54, 55, 57, 59, 60], "summary": {"covered_lines": 5, "num_statements": 5, "percent_covered": 100.0, "percent_covered_display": "100.00", "missing_lines": 0, "excluded_lines": 0}, "missing_lines": [], "excluded_lines": []}, "ChromaVectorStore.add": {"executed_lines": [69, 70, 71, 74, 77, 78, 81, 88], "summary": {"covered_lines": 8, "num_statements": 8, "percent_covered": 100.0, "percent_covered_display": "100.00", "missing_lines": 0, "excluded_lines": 0}, "missing_lines": [], "excluded_lines": []}, "ChromaVectorStore.search": {"executed_lines": [100, 102, 108, 110, 111, 112, 113, 117, 118], "summary": {"covered_lines": 9, "num_statements": 9, "percent_covered": 100.0, "percent_covered_display": "100.00", "missing_lines": 0, "excluded_lines": 0}, "missing_lines": [], "excluded_lines": []}, "": {"executed_lines": [1, 3, 4, 5, 6, 8, 9, 11, 14, 15, 20, 44, 62, 90], "summary": {"covered_lines": 12, "num_statements": 12, "percent_covered": 100.0, "percent_covered_display": "100.00", "missing_lines": 0, "excluded_lines": 0}, "missing_lines": [], "excluded_lines": []}}, "classes": {"ChromaVectorStore": {"executed_lines": [27, 30, 31, 33, 34, 35, 41, 42, 54, 55, 57, 59, 60, 69, 70, 71, 74, 77, 78, 81, 88, 100, 102, 108, 110, 111, 112, 113, 117, 118], "summary": {"covered_lines": 30, "num_statements": 32, "percent_covered": 93.75, "percent_covered_display": "93.75", "missing_lines": 2, "excluded_lines": 0}, "missing_lines": [37, 38], "excluded_lines": []}, "": {"executed_lines": [1, 3, 4, 5, 6, 8, 9, 11, 14, 15, 20, 44, 62, 90], "summary": {"covered_lines": 12, "num_statements": 12, "percent_covered": 100.0, "percent_covered_display": "100.00", "missing_lines": 0, "excluded_lines": 0}, "missing_lines": [], "excluded_lines": []}}}, "rag_chatbot/compression.py": {"executed_lines": [1, 7, 8, 9, 10, 11, 13, 16, 17, 30, 43, 48, 49, 50, 52, 85, 140, 158], "summary": {"covered_lines": 16, "num_statements": 56, "percent_covered": 28.571428571428573, "percent_covered_display": "28.57", "missing_lines": 40, "excluded_lines": 0}, "missing_lines": [62, 63, 64, 66, 67, 69, 77, 78, 79, 80, 81, 82, 83, 97, 100, 101, 104, 112, 113, 116, 118, 120, 123, 124, 125, 127, 128, 129, 132, 135, 137, 138, 151, 152, 153, 154, 156, 168, 169, 170], "excluded_lines": [], "functions": {"PromptCompressor.__init__": {"executed_lines": [43, 48, 49, 50], "summary": {"covered_lines": 4, "num_statements": 4, "percent_covered": 100.0, "percent_covered_display": "100.00", "missing_lines": 0, "excluded_lines": 0}, "missing_lines": [], "excluded_lines": []}, "PromptCompressor.compress_by_summarization": {"executed_lines": [], "summary": {"covered_lines": 0, "num_statements": 13, "percent_covered": 0.0, "percent_covered_display": "0.00", "missing_lines": 13, "excluded_lines": 0}, "missing_lines": [62, 63, 64, 66, 67, 69, 77, 78, 79, 80, 81, 82, 83], "excluded_lines": []}, "PromptCompressor.compress_heuristic": {"executed_lines": [], "summary": {"covered_lines": 0, "num_statements": 19, "percent_covered": 0.0, "percent_covered_display": "0.00", "missing_lines": 19, "excluded_lines": 0}, "missing_lines": [97, 100, 101, 104, 112, 113, 116, 118, 120, 123, 124, 125, 127, 128, 129, 132, 135, 137, 138], "excluded_lines": []}, "PromptCompressor.compress": {"executed_lines": [], "summary": {"covered_lines": 0, "num_statements": 5, "percent_covered": 0.0, "percent_covered_display": "0.00", "missing_lines": 5, "excluded_lines": 0}, "missing_lines": [151, 152, 153, 154, 156], "excluded_lines": []}, "PromptCompressor.run": {"executed_lines": [], "summary": {"covered_lines": 0, "num_statements": 3, "percent_covered": 0.0, "percent_covered_display": "0.00", "missing_lines": 3, "excluded_lines": 0}, "missing_lines": [168, 169, 170], "excluded_lines": []}, "": {"executed_lines": [1, 7, 8, 9, 10, 11, 13, 16, 17, 30, 52, 85, 140, 158], "summary": {"covered_lines": 12, "num_statements": 12, "percent_covered": 100.0, "percent_covered_display": "100.00", "missing_lines": 0, "excluded_lines": 0}, "missing_lines": [], "excluded_lines": []}}, "classes": {"PromptCompressor": {"executed_lines": [43, 48, 49, 50], "summary": {"covered_lines": 4, "num_statements": 44, "percent_covered": 9.090909090909092, "percent_covered_display": "9.09", "missing_lines": 40, "excluded_lines": 0}, "missing_lines": [62, 63, 64, 66, 67, 69, 77, 78, 79, 80, 81, 82, 83, 97, 100, 101, 104, 112, 113, 116, 118, 120, 123, 124, 125, 127, 128, 129, 132, 135, 137, 138, 151, 152, 153, 154, 156, 168, 169, 170], "excluded_lines": []}, "": {"executed_lines": [1, 7, 8, 9, 10, 11, 13, 16, 17, 30, 52, 85, 140, 158], "summary": {"covered_lines": 12, "num_statements": 12, "percent_covered": 100.0, "percent_covered_display": "100.00", "missing_lines": 0, "excluded_lines": 0}, "missing_lines": [], "excluded_lines": []}}}, "rag_chatbot/config.py": {"executed_lines": [1, 3, 4, 5, 6, 9, 12, 13, 14, 15, 18, 19, 20, 23, 24, 25, 28, 31, 34, 35, 38, 41, 42, 43, 44, 47], "summary": {"covered_lines": 25, "num_statements": 25, "percent_covered": 100.0, "percent_covered_display": "100.00", "missing_lines": 0, "excluded_lines": 0}, "missing_lines": [], "excluded_lines": [], "functions": {"": {"executed_lines": [1, 3, 4, 5, 6, 9, 12, 13, 14, 15, 18, 19, 20, 23, 24, 25, 28, 31, 34, 35, 38, 41, 42, 43, 44, 47], "summary": {"covered_lines": 25, "num_statements": 25, "percent_covered": 100.0, "percent_covered_display": "100.00", "missing_lines": 0, "excluded_lines": 0}, "missing_lines": [], "excluded_lines": []}}, "classes": {"": {"executed_lines": [1, 3, 4, 5, 6, 9, 12, 13, 14, 15, 18, 19, 20, 23, 24, 25, 28, 31, 34, 35, 38, 41, 42, 43, 44, 47], "summary": {"covered_lines": 25, "num_statements": 25, "percent_covered": 100.0, "percent_covered_display": "100.00", "missing_lines": 0, "excluded_lines": 0}, "missing_lines": [], "excluded_lines": []}}}, "rag_chatbot/core.py": {"executed_lines": [1, 3, 4, 5, 7, 15, 17, 20, 21, 30, 40, 53, 72, 73, 74, 75, 76, 77, 79, 80, 81, 83, 94, 97, 99, 100, 101, 104, 105, 106, 107, 110, 111, 112, 115, 116, 118, 119, 121, 141, 144, 145, 148, 149, 152, 153, 154, 156, 157, 158, 161, 162, 168, 174, 175, 176, 177, 180, 181, 182, 184, 186, 203, 204, 205, 206, 208, 209, 210, 211, 213, 216, 222, 234, 235], "summary": {"covered_lines": 73, "num_statements": 73, "percent_covered": 100.0, "percent_covered_display": "100.00", "missing_lines": 0, "excluded_lines": 0}, "missing_lines": [], "excluded_lines": [], "functions": {"RAGChatbot.__init__": {"executed_lines": [72, 73, 74, 75, 76, 77, 79, 80, 81], "summary": {"covered_lines": 9, "num_statements": 9, "percent_covered": 100.0, "percent_covered_display": "100.00", "missing_lines": 0, "excluded_lines": 0}, "missing_lines": [], "excluded_lines": []}, "RAGChatbot.ingest_data": {"executed_lines": [94, 97, 99, 100, 101, 104, 105, 106, 107, 110, 111, 112, 115, 116, 118, 119], "summary": {"covered_lines": 16, "num_statements": 16, "percent_covered": 100.0, "percent_covered_display": "100.00", "missing_lines": 0, "excluded_lines": 0}, "missing_lines": [], "excluded_lines": []}, "RAGChatbot.ask": {"executed_lines": [141, 144, 145, 148, 149, 152, 153, 154, 156, 157, 158, 161, 162, 168, 174, 175, 176, 177, 180, 181, 182, 184], "summary": {"covered_lines": 22, "num_statements": 22, "percent_covered": 100.0, "percent_covered_display": "100.00", "missing_lines": 0, "excluded_lines": 0}, "missing_lines": [], "excluded_lines": []}, "RAGChatbot._create_prompt_with_history": {"executed_lines": [203, 204, 205, 206, 208, 209, 210, 211, 213, 216], "summary": {"covered_lines": 10, "num_statements": 10, "percent_covered": 100.0, "percent_covered_display": "100.00", "missing_lines": 0, "excluded_lines": 0}, "missing_lines": [], "excluded_lines": []}, "RAGChatbot.get_sources": {"executed_lines": [234, 235], "summary": {"covered_lines": 2, "num_statements": 2, "percent_covered": 100.0, "percent_covered_display": "100.00", "missing_lines": 0, "excluded_lines": 0}, "missing_lines": [], "excluded_lines": []}, "": {"executed_lines": [1, 3, 4, 5, 7, 15, 17, 20, 21, 30, 40, 53, 83, 121, 186, 222], "summary": {"covered_lines": 14, "num_statements": 14, "percent_covered": 100.0, "percent_covered_display": "100.00", "missing_lines": 0, "excluded_lines": 0}, "missing_lines": [], "excluded_lines": []}}, "classes": {"RAGChatbot": {"executed_lines": [72, 73, 74, 75, 76, 77, 79, 80, 81, 94, 97, 99, 100, 101, 104, 105, 106, 107, 110, 111, 112, 115, 116, 118, 119, 141, 144, 145, 148, 149, 152, 153, 154, 156, 157, 158, 161, 162, 168, 174, 175, 176, 177, 180, 181, 182, 184, 203, 204, 205, 206, 208, 209, 210, 211, 213, 216, 234, 235], "summary": {"covered_lines": 59, "num_statements": 59, "percent_covered": 100.0, "percent_covered_display": "100.00", "missing_lines": 0, "excluded_lines": 0}, "missing_lines": [], "excluded_lines": []}, "": {"executed_lines": [1, 3, 4, 5, 7, 15, 17, 20, 21, 30, 40, 53, 83, 121, 186, 222], "summary": {"covered_lines": 14, "num_statements": 14, "percent_covered": 100.0, "percent_covered_display": "100.00", "missing_lines": 0, "excluded_lines": 0}, "missing_lines": [], "excluded_lines": []}}}, "rag_chatbot/crew.py": {"executed_lines": [1, 7, 8, 9, 10, 11, 12, 14, 17, 18, 19, 20, 23, 24, 25, 40, 41, 42, 43, 44, 46, 48, 50, 88, 89, 90, 98, 99, 100, 101, 103, 108, 109, 120, 146, 163, 196, 237, 246], "summary": {"covered_lines": 34, "num_statements": 97, "percent_covered": 35.05154639175258, "percent_covered_display": "35.05", "missing_lines": 63, "excluded_lines": 0}, "missing_lines": [60, 63, 75, 76, 77, 78, 79, 80, 81, 82, 85, 105, 137, 138, 139, 140, 141, 143, 154, 156, 157, 158, 159, 161, 171, 173, 174, 176, 177, 178, 179, 180, 181, 184, 186, 187, 190, 191, 193, 194, 204, 206, 208, 209, 210, 213, 214, 215, 216, 217, 218, 219, 222, 223, 225, 226, 229, 234, 235, 243, 244, 252, 253], "excluded_lines": [], "functions": {"CrewAgent.__post_init__": {"executed_lines": [48], "summary": {"covered_lines": 1, "num_statements": 1, "percent_covered": 100.0, "percent_covered_display": "100.00", "missing_lines": 0, "excluded_lines": 0}, "missing_lines": [], "excluded_lines": []}, "CrewAgent.execute": {"executed_lines": [], "summary": {"covered_lines": 0, "num_statements": 11, "percent_covered": 0.0, "percent_covered_display": "0.00", "missing_lines": 11, "excluded_lines": 0}, "missing_lines": [60, 63, 75, 76, 77, 78, 79, 80, 81, 82, 85], "excluded_lines": []}, "Task.__post_init__": {"executed_lines": [], "summary": {"covered_lines": 0, "num_statements": 1, "percent_covered": 0.0, "percent_covered_display": "0.00", "missing_lines": 1, "excluded_lines": 0}, "missing_lines": [105], "excluded_lines": []}, "Crew.__init__": {"executed_lines": [], "summary": {"covered_lines": 0, "num_statements": 6, "percent_covered": 0.0, "percent_covered_display": "0.00", "missing_lines": 6, "excluded_lines": 0}, "missing_lines": [137, 138, 139, 140, 141, 143], "excluded_lines": []}, "Crew.kickoff": {"executed_lines": [], "summary": {"covered_lines": 0, "num_statements": 6, "percent_covered": 0.0, "percent_covered_display": "0.00", "missing_lines": 6, "excluded_lines": 0}, "missing_lines": [154, 156, 157, 158, 159, 161], "excluded_lines": []}, "Crew._execute_sequential": {"executed_lines": [], "summary": {"covered_lines": 0, "num_statements": 16, "percent_covered": 0.0, "percent_covered_display": "0.00", "missing_lines": 16, "excluded_lines": 0}, "missing_lines": [171, 173, 174, 176, 177, 178, 179, 180, 181, 184, 186, 187, 190, 191, 193, 194], "excluded_lines": []}, "Crew._execute_hierarchical": {"executed_lines": [], "summary": {"covered_lines": 0, "num_statements": 19, "percent_covered": 0.0, "percent_covered_display": "0.00", "missing_lines": 19, "excluded_lines": 0}, "missing_lines": [204, 206, 208, 209, 210, 213, 214, 215, 216, 217, 218, 219, 222, 223, 225, 226, 229, 234, 235], "excluded_lines": []}, "Crew.add_agent": {"executed_lines": [], "summary": {"covered_lines": 0, "num_statements": 2, "percent_covered": 0.0, "percent_covered_display": "0.00", "missing_lines": 2, "excluded_lines": 0}, "missing_lines": [243, 244], "excluded_lines": []}, "Crew.add_task": {"executed_lines": [], "summary": {"covered_lines": 0, "num_statements": 2, "percent_covered": 0.0, "percent_covered_display": "0.00", "missing_lines": 2, "excluded_lines": 0}, "missing_lines": [252, 253], "excluded_lines": []}, "": {"executed_lines": [1, 7, 8, 9, 10, 11, 12, 14, 17, 18, 19, 20, 23, 24, 25, 40, 41, 42, 43, 44, 46, 50, 88, 89, 90, 98, 99, 100, 101, 103, 108, 109, 120, 146, 163, 196, 237, 246], "summary": {"covered_lines": 33, "num_statements": 33, "percent_covered": 100.0, "percent_covered_display": "100.00", "missing_lines": 0, "excluded_lines": 0}, "missing_lines": [], "excluded_lines": []}}, "classes": {"ProcessType": {"executed_lines": [], "summary": {"covered_lines": 0, "num_statements": 0, "percent_covered": 100.0, "percent_covered_display": "100.00", "missing_lines": 0, "excluded_lines": 0}, "missing_lines": [], "excluded_lines": []}, "CrewAgent": {"executed_lines": [48], "summary": {"covered_lines": 1, "num_statements": 12, "percent_covered": 8.333333333333334, "percent_covered_display": "8.33", "missing_lines": 11, "excluded_lines": 0}, "missing_lines": [60, 63, 75, 76, 77, 78, 79, 80, 81, 82, 85], "excluded_lines": []}, "Task": {"executed_lines": [], "summary": {"covered_lines": 0, "num_statements": 1, "percent_covered": 0.0, "percent_covered_display": "0.00", "missing_lines": 1, "excluded_lines": 0}, "missing_lines": [105], "excluded_lines": []}, "Crew": {"executed_lines": [], "summary": {"covered_lines": 0, "num_statements": 51, "percent_covered": 0.0, "percent_covered_display": "0.00", "missing_lines": 51, "excluded_lines": 0}, "missing_lines": [137, 138, 139, 140, 141, 143, 154, 156, 157, 158, 159, 161, 171, 173, 174, 176, 177, 178, 179, 180, 181, 184, 186, 187, 190, 191, 193, 194, 204, 206, 208, 209, 210, 213, 214, 215, 216, 217, 218, 219, 222, 223, 225, 226, 229, 234, 235, 243, 244, 252, 253], "excluded_lines": []}, "": {"executed_lines": [1, 7, 8, 9, 10, 11, 12, 14, 17, 18, 19, 20, 23, 24, 25, 40, 41, 42, 43, 44, 46, 50, 88, 89, 90, 98, 99, 100, 101, 103, 108, 109, 120, 146, 163, 196, 237, 246], "summary": {"covered_lines": 33, "num_statements": 33, "percent_covered": 100.0, "percent_covered_display": "100.00", "missing_lines": 0, "excluded_lines": 0}, "missing_lines": [], "excluded_lines": []}}}, "rag_chatbot/interfaces.py": {"executed_lines": [1, 7, 8, 9, 12, 13, 14, 20, 21, 24, 25, 27, 28, 40, 41, 43, 44, 55, 56, 68, 69, 71, 72, 81, 82, 95, 96, 98, 99, 111, 112, 114, 115], "summary": {"covered_lines": 26, "num_statements": 33, "percent_covered": 78.78787878787878, "percent_covered_display": "78.79", "missing_lines": 7, "excluded_lines": 0}, "missing_lines": [37, 53, 65, 79, 92, 108, 125], "excluded_lines": [], "functions": {"IDocumentLoader.load": {"executed_lines": [], "summary": {"covered_lines": 0, "num_statements": 1, "percent_covered": 0.0, "percent_covered_display": "0.00", "missing_lines": 1, "excluded_lines": 0}, "missing_lines": [37], "excluded_lines": []}, "IEmbeddingModel.embed_documents": {"executed_lines": [], "summary": {"covered_lines": 0, "num_statements": 1, "percent_covered": 0.0, "percent_covered_display": "0.00", "missing_lines": 1, "excluded_lines": 0}, "missing_lines": [53], "excluded_lines": []}, "IEmbeddingModel.embed_query": {"executed_lines": [], "summary": {"covered_lines": 0, "num_statements": 1, "percent_covered": 0.0, "percent_covered_display": "0.00", "missing_lines": 1, "excluded_lines": 0}, "missing_lines": [65], "excluded_lines": []}, "IVectorStore.add": {"executed_lines": [], "summary": {"covered_lines": 0, "num_statements": 1, "percent_covered": 0.0, "percent_covered_display": "0.00", "missing_lines": 1, "excluded_lines": 0}, "missing_lines": [79], "excluded_lines": []}, "IVectorStore.search": {"executed_lines": [], "summary": {"covered_lines": 0, "num_statements": 1, "percent_covered": 0.0, "percent_covered_display": "0.00", "missing_lines": 1, "excluded_lines": 0}, "missing_lines": [92], "excluded_lines": []}, "ITextSplitter.split_documents": {"executed_lines": [], "summary": {"covered_lines": 0, "num_statements": 1, "percent_covered": 0.0, "percent_covered_display": "0.00", "missing_lines": 1, "excluded_lines": 0}, "missing_lines": [108], "excluded_lines": []}, "ILocalLLM.generate": {"executed_lines": [], "summary": {"covered_lines": 0, "num_statements": 1, "percent_covered": 0.0, "percent_covered_display": "0.00", "missing_lines": 1, "excluded_lines": 0}, "missing_lines": [125], "excluded_lines": []}, "": {"executed_lines": [1, 7, 8, 9, 12, 13, 14, 20, 21, 24, 25, 27, 28, 40, 41, 43, 44, 55, 56, 68, 69, 71, 72, 81, 82, 95, 96, 98, 99, 111, 112, 114, 115], "summary": {"covered_lines": 26, "num_statements": 26, "percent_covered": 100.0, "percent_covered_display": "100.00", "missing_lines": 0, "excluded_lines": 0}, "missing_lines": [], "excluded_lines": []}}, "classes": {"Documento": {"executed_lines": [], "summary": {"covered_lines": 0, "num_statements": 0, "percent_covered": 100.0, "percent_covered_display": "100.00", "missing_lines": 0, "excluded_lines": 0}, "missing_lines": [], "excluded_lines": []}, "IDocumentLoader": {"executed_lines": [], "summary": {"covered_lines": 0, "num_statements": 1, "percent_covered": 0.0, "percent_covered_display": "0.00", "missing_lines": 1, "excluded_lines": 0}, "missing_lines": [37], "excluded_lines": []}, "IEmbeddingModel": {"executed_lines": [], "summary": {"covered_lines": 0, "num_statements": 2, "percent_covered": 0.0, "percent_covered_display": "0.00", "missing_lines": 2, "excluded_lines": 0}, "missing_lines": [53, 65], "excluded_lines": []}, "IVectorStore": {"executed_lines": [], "summary": {"covered_lines": 0, "num_statements": 2, "percent_covered": 0.0, "percent_covered_display": "0.00", "missing_lines": 2, "excluded_lines": 0}, "missing_lines": [79, 92], "excluded_lines": []}, "ITextSplitter": {"executed_lines": [], "summary": {"covered_lines": 0, "num_statements": 1, "percent_covered": 0.0, "percent_covered_display": "0.00", "missing_lines": 1, "excluded_lines": 0}, "missing_lines": [108], "excluded_lines": []}, "ILocalLLM": {"executed_lines": [], "summary": {"covered_lines": 0, "num_statements": 1, "percent_covered": 0.0, "percent_covered_display": "0.00", "missing_lines": 1, "excluded_lines": 0}, "missing_lines": [125], "excluded_lines": []}, "": {"executed_lines": [1, 7, 8, 9, 12, 13, 14, 20, 21, 24, 25, 27, 28, 40, 41, 43, 44, 55, 56, 68, 69, 71, 72, 81, 82, 95, 96, 98, 99, 111, 112, 114, 115], "summary": {"covered_lines": 26, "num_statements": 26, "percent_covered": 100.0, "percent_covered_display": "100.00", "missing_lines": 0, "excluded_lines": 0}, "missing_lines": [], "excluded_lines": []}}}, "rag_chatbot/memory.py": {"executed_lines": [1, 7, 8, 9, 10, 11, 12, 14, 17, 18, 19, 27, 28, 29, 30, 32, 34, 36, 37, 40, 41, 54, 77, 78, 79, 82, 83, 84, 85, 87, 88, 90, 93, 133, 170, 190, 253], "summary": {"covered_lines": 34, "num_statements": 88, "percent_covered": 38.63636363636363, "percent_covered_display": "38.64", "missing_lines": 54, "excluded_lines": 0}, "missing_lines": [102, 104, 106, 118, 119, 121, 122, 123, 124, 125, 127, 128, 129, 130, 131, 141, 144, 145, 148, 149, 154, 162, 165, 166, 168, 179, 180, 183, 186, 188, 200, 203, 204, 206, 207, 208, 211, 213, 215, 216, 221, 224, 227, 230, 237, 238, 239, 240, 242, 245, 247, 249, 251, 255], "excluded_lines": [], "functions": {"Memory.__post_init__": {"executed_lines": [34, 36, 37], "summary": {"covered_lines": 3, "num_statements": 3, "percent_covered": 100.0, "percent_covered_display": "100.00", "missing_lines": 0, "excluded_lines": 0}, "missing_lines": [], "excluded_lines": []}, "MemoryStream.__init__": {"executed_lines": [77, 78, 79, 82, 83, 84, 85, 87, 88, 90], "summary": {"covered_lines": 10, "num_statements": 10, "percent_covered": 100.0, "percent_covered_display": "100.00", "missing_lines": 0, "excluded_lines": 0}, "missing_lines": [], "excluded_lines": []}, "MemoryStream._evaluate_importance": {"executed_lines": [], "summary": {"covered_lines": 0, "num_statements": 15, "percent_covered": 0.0, "percent_covered_display": "0.00", "missing_lines": 15, "excluded_lines": 0}, "missing_lines": [102, 104, 106, 118, 119, 121, 122, 123, 124, 125, 127, 128, 129, 130, 131], "excluded_lines": []}, "MemoryStream.add_memory": {"executed_lines": [], "summary": {"covered_lines": 0, "num_statements": 10, "percent_covered": 0.0, "percent_covered_display": "0.00", "missing_lines": 10, "excluded_lines": 0}, "missing_lines": [141, 144, 145, 148, 149, 154, 162, 165, 166, 168], "excluded_lines": []}, "MemoryStream._calculate_recency_score": {"executed_lines": [], "summary": {"covered_lines": 0, "num_statements": 5, "percent_covered": 0.0, "percent_covered_display": "0.00", "missing_lines": 5, "excluded_lines": 0}, "missing_lines": [179, 180, 183, 186, 188], "excluded_lines": []}, "MemoryStream.retrieve_memories": {"executed_lines": [], "summary": {"covered_lines": 0, "num_statements": 23, "percent_covered": 0.0, "percent_covered_display": "0.00", "missing_lines": 23, "excluded_lines": 0}, "missing_lines": [200, 203, 204, 206, 207, 208, 211, 213, 215, 216, 221, 224, 227, 230, 237, 238, 239, 240, 242, 245, 247, 249, 251], "excluded_lines": []}, "MemoryStream.clear_memories": {"executed_lines": [], "summary": {"covered_lines": 0, "num_statements": 1, "percent_covered": 0.0, "percent_covered_display": "0.00", "missing_lines": 1, "excluded_lines": 0}, "missing_lines": [255], "excluded_lines": []}, "": {"executed_lines": [1, 7, 8, 9, 10, 11, 12, 14, 17, 18, 19, 27, 28, 29, 30, 32, 40, 41, 54, 93, 133, 170, 190, 253], "summary": {"covered_lines": 21, "num_statements": 21, "percent_covered": 100.0, "percent_covered_display": "100.00", "missing_lines": 0, "excluded_lines": 0}, "missing_lines": [], "excluded_lines": []}}, "classes": {"Memory": {"executed_lines": [34, 36, 37], "summary": {"covered_lines": 3, "num_statements": 3, "percent_covered": 100.0, "percent_covered_display": "100.00", "missing_lines": 0, "excluded_lines": 0}, "missing_lines": [], "excluded_lines": []}, "MemoryStream": {"executed_lines": [77, 78, 79, 82, 83, 84, 85, 87, 88, 90], "summary": {"covered_lines": 10, "num_statements": 64, "percent_covered": 15.625, "percent_covered_display": "15.62", "missing_lines": 54, "excluded_lines": 0}, "missing_lines": [102, 104, 106, 118, 119, 121, 122, 123, 124, 125, 127, 128, 129, 130, 131, 141, 144, 145, 148, 149, 154, 162, 165, 166, 168, 179, 180, 183, 186, 188, 200, 203, 204, 206, 207, 208, 211, 213, 215, 216, 221, 224, 227, 230, 237, 238, 239, 240, 242, 245, 247, 249, 251, 255], "excluded_lines": []}, "": {"executed_lines": [1, 7, 8, 9, 10, 11, 12, 14, 17, 18, 19, 27, 28, 29, 30, 32, 40, 41, 54, 93, 133, 170, 190, 253], "summary": {"covered_lines": 21, "num_statements": 21, "percent_covered": 100.0, "percent_covered_display": "100.00", "missing_lines": 0, "excluded_lines": 0}, "missing_lines": [], "excluded_lines": []}}}, "rag_chatbot/pipeline.py": {"executed_lines": [1, 7, 8, 9, 10, 12, 15, 16, 30, 40, 63, 105], "summary": {"covered_lines": 10, "num_statements": 35, "percent_covered": 28.571428571428573, "percent_covered_display": "28.57", "missing_lines": 25, "excluded_lines": 0}, "missing_lines": [55, 56, 57, 58, 60, 74, 77, 78, 80, 81, 82, 85, 86, 87, 89, 92, 93, 99, 100, 102, 103, 118, 120, 121, 123], "excluded_lines": [], "functions": {"Pipeline.__init__": {"executed_lines": [], "summary": {"covered_lines": 0, "num_statements": 5, "percent_covered": 0.0, "percent_covered_display": "0.00", "missing_lines": 5, "excluded_lines": 0}, "missing_lines": [55, 56, 57, 58, 60], "excluded_lines": []}, "Pipeline.run": {"executed_lines": [], "summary": {"covered_lines": 0, "num_statements": 16, "percent_covered": 0.0, "percent_covered_display": "0.00", "missing_lines": 16, "excluded_lines": 0}, "missing_lines": [74, 77, 78, 80, 81, 82, 85, 86, 87, 89, 92, 93, 99, 100, 102, 103], "excluded_lines": []}, "Pipeline.get_sources": {"executed_lines": [], "summary": {"covered_lines": 0, "num_statements": 4, "percent_covered": 0.0, "percent_covered_display": "0.00", "missing_lines": 4, "excluded_lines": 0}, "missing_lines": [118, 120, 121, 123], "excluded_lines": []}, "": {"executed_lines": [1, 7, 8, 9, 10, 12, 15, 16, 30, 40, 63, 105], "summary": {"covered_lines": 10, "num_statements": 10, "percent_covered": 100.0, "percent_covered_display": "100.00", "missing_lines": 0, "excluded_lines": 0}, "missing_lines": [], "excluded_lines": []}}, "classes": {"Pipeline": {"executed_lines": [], "summary": {"covered_lines": 0, "num_statements": 25, "percent_covered": 0.0, "percent_covered_display": "0.00", "missing_lines": 25, "excluded_lines": 0}, "missing_lines": [55, 56, 57, 58, 60, 74, 77, 78, 80, 81, 82, 85, 86, 87, 89, 92, 93, 99, 100, 102, 103, 118, 120, 121, 123], "excluded_lines": []}, "": {"executed_lines": [1, 7, 8, 9, 10, 12, 15, 16, 30, 40, 63, 105], "summary": {"covered_lines": 10, "num_statements": 10, "percent_covered": 100.0, "percent_covered_display": "100.00", "missing_lines": 0, "excluded_lines": 0}, "missing_lines": [], "excluded_lines": []}}}, "rag_chatbot/query_transform.py": {"executed_lines": [1, 8, 9, 10, 11, 13, 16, 17, 30, 37, 38, 39, 41, 72, 101, 130], "summary": {"covered_lines": 14, "num_statements": 47, "percent_covered": 29.78723404255319, "percent_covered_display": "29.79", "missing_lines": 33, "excluded_lines": 0}, "missing_lines": [51, 59, 60, 61, 64, 66, 67, 68, 69, 70, 84, 92, 93, 95, 96, 97, 98, 99, 114, 121, 122, 124, 125, 126, 127, 128, 141, 142, 143, 144, 145, 146, 148], "excluded_lines": [], "functions": {"QueryTransformer.__init__": {"executed_lines": [37, 38, 39], "summary": {"covered_lines": 3, "num_statements": 3, "percent_covered": 100.0, "percent_covered_display": "100.00", "missing_lines": 0, "excluded_lines": 0}, "missing_lines": [], "excluded_lines": []}, "QueryTransformer.generate_multi_queries": {"executed_lines": [], "summary": {"covered_lines": 0, "num_statements": 10, "percent_covered": 0.0, "percent_covered_display": "0.00", "missing_lines": 10, "excluded_lines": 0}, "missing_lines": [51, 59, 60, 61, 64, 66, 67, 68, 69, 70], "excluded_lines": []}, "QueryTransformer.generate_step_back_question": {"executed_lines": [], "summary": {"covered_lines": 0, "num_statements": 8, "percent_covered": 0.0, "percent_covered_display": "0.00", "missing_lines": 8, "excluded_lines": 0}, "missing_lines": [84, 92, 93, 95, 96, 97, 98, 99], "excluded_lines": []}, "QueryTransformer.generate_hypothetical_document": {"executed_lines": [], "summary": {"covered_lines": 0, "num_statements": 8, "percent_covered": 0.0, "percent_covered_display": "0.00", "missing_lines": 8, "excluded_lines": 0}, "missing_lines": [114, 121, 122, 124, 125, 126, 127, 128], "excluded_lines": []}, "QueryTransformer.run": {"executed_lines": [], "summary": {"covered_lines": 0, "num_statements": 7, "percent_covered": 0.0, "percent_covered_display": "0.00", "missing_lines": 7, "excluded_lines": 0}, "missing_lines": [141, 142, 143, 144, 145, 146, 148], "excluded_lines": []}, "": {"executed_lines": [1, 8, 9, 10, 11, 13, 16, 17, 30, 41, 72, 101, 130], "summary": {"covered_lines": 11, "num_statements": 11, "percent_covered": 100.0, "percent_covered_display": "100.00", "missing_lines": 0, "excluded_lines": 0}, "missing_lines": [], "excluded_lines": []}}, "classes": {"QueryTransformer": {"executed_lines": [37, 38, 39], "summary": {"covered_lines": 3, "num_statements": 36, "percent_covered": 8.333333333333334, "percent_covered_display": "8.33", "missing_lines": 33, "excluded_lines": 0}, "missing_lines": [51, 59, 60, 61, 64, 66, 67, 68, 69, 70, 84, 92, 93, 95, 96, 97, 98, 99, 114, 121, 122, 124, 125, 126, 127, 128, 141, 142, 143, 144, 145, 146, 148], "excluded_lines": []}, "": {"executed_lines": [1, 8, 9, 10, 11, 13, 16, 17, 30, 41, 72, 101, 130], "summary": {"covered_lines": 11, "num_statements": 11, "percent_covered": 100.0, "percent_covered_display": "100.00", "missing_lines": 0, "excluded_lines": 0}, "missing_lines": [], "excluded_lines": []}}}, "rag_chatbot/reranking.py": {"executed_lines": [1, 7, 8, 9, 10, 12, 15, 16, 28, 40, 54, 101, 102, 107, 109, 110, 112], "summary": {"covered_lines": 14, "num_statements": 51, "percent_covered": 27.45098039215686, "percent_covered_display": "27.45", "missing_lines": 37, "excluded_lines": 0}, "missing_lines": [35, 36, 37, 38, 42, 43, 44, 45, 46, 47, 48, 49, 50, 51, 52, 65, 66, 69, 72, 74, 77, 78, 79, 80, 81, 84, 85, 86, 87, 90, 96, 98, 124, 125, 126, 127, 129], "excluded_lines": [], "functions": {"CrossEncoderReRanker.__init__": {"executed_lines": [], "summary": {"covered_lines": 0, "num_statements": 4, "percent_covered": 0.0, "percent_covered_display": "0.00", "missing_lines": 4, "excluded_lines": 0}, "missing_lines": [35, 36, 37, 38], "excluded_lines": []}, "CrossEncoderReRanker._load_model": {"executed_lines": [], "summary": {"covered_lines": 0, "num_statements": 11, "percent_covered": 0.0, "percent_covered_display": "0.00", "missing_lines": 11, "excluded_lines": 0}, "missing_lines": [42, 43, 44, 45, 46, 47, 48, 49, 50, 51, 52], "excluded_lines": []}, "CrossEncoderReRanker.rerank": {"executed_lines": [], "summary": {"covered_lines": 0, "num_statements": 17, "percent_covered": 0.0, "percent_covered_display": "0.00", "missing_lines": 17, "excluded_lines": 0}, "missing_lines": [65, 66, 69, 72, 74, 77, 78, 79, 80, 81, 84, 85, 86, 87, 90, 96, 98], "excluded_lines": []}, "MockReRanker.__init__": {"executed_lines": [109, 110], "summary": {"covered_lines": 2, "num_statements": 2, "percent_covered": 100.0, "percent_covered_display": "100.00", "missing_lines": 0, "excluded_lines": 0}, "missing_lines": [], "excluded_lines": []}, "MockReRanker.rerank": {"executed_lines": [], "summary": {"covered_lines": 0, "num_statements": 5, "percent_covered": 0.0, "percent_covered_display": "0.00", "missing_lines": 5, "excluded_lines": 0}, "missing_lines": [124, 125, 126, 127, 129], "excluded_lines": []}, "": {"executed_lines": [1, 7, 8, 9, 10, 12, 15, 16, 28, 40, 54, 101, 102, 107, 112], "summary": {"covered_lines": 12, "num_statements": 12, "percent_covered": 100.0, "percent_covered_display": "100.00", "missing_lines": 0, "excluded_lines": 0}, "missing_lines": [], "excluded_lines": []}}, "classes": {"CrossEncoderReRanker": {"executed_lines": [], "summary": {"covered_lines": 0, "num_statements": 32, "percent_covered": 0.0, "percent_covered_display": "0.00", "missing_lines": 32, "excluded_lines": 0}, "missing_lines": [35, 36, 37, 38, 42, 43, 44, 45, 46, 47, 48, 49, 50, 51, 52, 65, 66, 69, 72, 74, 77, 78, 79, 80, 81, 84, 85, 86, 87, 90, 96, 98], "excluded_lines": []}, "MockReRanker": {"executed_lines": [109, 110], "summary": {"covered_lines": 2, "num_statements": 7, "percent_covered": 28.571428571428573, "percent_covered_display": "28.57", "missing_lines": 5, "excluded_lines": 0}, "missing_lines": [124, 125, 126, 127, 129], "excluded_lines": []}, "": {"executed_lines": [1, 7, 8, 9, 10, 12, 15, 16, 28, 40, 54, 101, 102, 107, 112], "summary": {"covered_lines": 12, "num_statements": 12, "percent_covered": 100.0, "percent_covered_display": "100.00", "missing_lines": 0, "excluded_lines": 0}, "missing_lines": [], "excluded_lines": []}}}, "rag_chatbot/retrieval.py": {"executed_lines": [1, 7, 8, 9, 10, 11, 13, 16, 17, 23, 29, 30, 31, 33, 35, 36, 37, 42, 48, 49, 51, 76, 77, 82, 94, 108, 109, 120, 146], "summary": {"covered_lines": 25, "num_statements": 61, "percent_covered": 40.98360655737705, "percent_covered_display": "40.98", "missing_lines": 36, "excluded_lines": 0}, "missing_lines": [61, 64, 65, 66, 67, 68, 71, 73, 90, 91, 92, 104, 105, 135, 141, 142, 143, 144, 156, 159, 160, 162, 166, 167, 170, 171, 172, 173, 176, 177, 178, 179, 182, 188, 190, 191], "excluded_lines": [], "functions": {"BM25Retriever.__init__": {"executed_lines": [29, 30, 31], "summary": {"covered_lines": 3, "num_statements": 3, "percent_covered": 100.0, "percent_covered_display": "100.00", "missing_lines": 0, "excluded_lines": 0}, "missing_lines": [], "excluded_lines": []}, "BM25Retriever._build_index": {"executed_lines": [35, 36, 37], "summary": {"covered_lines": 3, "num_statements": 3, "percent_covered": 100.0, "percent_covered_display": "100.00", "missing_lines": 0, "excluded_lines": 0}, "missing_lines": [], "excluded_lines": []}, "BM25Retriever.add_documents": {"executed_lines": [48, 49], "summary": {"covered_lines": 2, "num_statements": 2, "percent_covered": 100.0, "percent_covered_display": "100.00", "missing_lines": 0, "excluded_lines": 0}, "missing_lines": [], "excluded_lines": []}, "BM25Retriever.retrieve": {"executed_lines": [], "summary": {"covered_lines": 0, "num_statements": 8, "percent_covered": 0.0, "percent_covered_display": "0.00", "missing_lines": 8, "excluded_lines": 0}, "missing_lines": [61, 64, 65, 66, 67, 68, 71, 73], "excluded_lines": []}, "VectorRetriever.__init__": {"executed_lines": [], "summary": {"covered_lines": 0, "num_statements": 3, "percent_covered": 0.0, "percent_covered_display": "0.00", "missing_lines": 3, "excluded_lines": 0}, "missing_lines": [90, 91, 92], "excluded_lines": []}, "VectorRetriever.retrieve": {"executed_lines": [], "summary": {"covered_lines": 0, "num_statements": 2, "percent_covered": 0.0, "percent_covered_display": "0.00", "missing_lines": 2, "excluded_lines": 0}, "missing_lines": [104, 105], "excluded_lines": []}, "HybridRetriever.__init__": {"executed_lines": [], "summary": {"covered_lines": 0, "num_statements": 5, "percent_covered": 0.0, "percent_covered_display": "0.00", "missing_lines": 5, "excluded_lines": 0}, "missing_lines": [135, 141, 142, 143, 144], "excluded_lines": []}, "HybridRetriever.retrieve": {"executed_lines": [], "summary": {"covered_lines": 0, "num_statements": 18, "percent_covered": 0.0, "percent_covered_display": "0.00", "missing_lines": 18, "excluded_lines": 0}, "missing_lines": [156, 159, 160, 162, 166, 167, 170, 171, 172, 173, 176, 177, 178, 179, 182, 188, 190, 191], "excluded_lines": []}, "": {"executed_lines": [1, 7, 8, 9, 10, 11, 13, 16, 17, 23, 33, 42, 51, 76, 77, 82, 94, 108, 109, 120, 146], "summary": {"covered_lines": 17, "num_statements": 17, "percent_covered": 100.0, "percent_covered_display": "100.00", "missing_lines": 0, "excluded_lines": 0}, "missing_lines": [], "excluded_lines": []}}, "classes": {"BM25Retriever": {"executed_lines": [29, 30, 31, 35, 36, 37, 48, 49], "summary": {"covered_lines": 8, "num_statements": 16, "percent_covered": 50.0, "percent_covered_display": "50.00", "missing_lines": 8, "excluded_lines": 0}, "missing_lines": [61, 64, 65, 66, 67, 68, 71, 73], "excluded_lines": []}, "VectorRetriever": {"executed_lines": [], "summary": {"covered_lines": 0, "num_statements": 5, "percent_covered": 0.0, "percent_covered_display": "0.00", "missing_lines": 5, "excluded_lines": 0}, "missing_lines": [90, 91, 92, 104, 105], "excluded_lines": []}, "HybridRetriever": {"executed_lines": [], "summary": {"covered_lines": 0, "num_statements": 23, "percent_covered": 0.0, "percent_covered_display": "0.00", "missing_lines": 23, "excluded_lines": 0}, "missing_lines": [135, 141, 142, 143, 144, 156, 159, 160, 162, 166, 167, 170, 171, 172, 173, 176, 177, 178, 179, 182, 188, 190, 191], "excluded_lines": []}, "": {"executed_lines": [1, 7, 8, 9, 10, 11, 13, 16, 17, 23, 33, 42, 51, 76, 77, 82, 94, 108, 109, 120, 146], "summary": {"covered_lines": 17, "num_statements": 17, "percent_covered": 100.0, "percent_covered_display": "100.00", "missing_lines": 0, "excluded_lines": 0}, "missing_lines": [], "excluded_lines": []}}}, "rag_chatbot/routing.py": {"executed_lines": [1, 7, 8, 9, 10, 11, 12, 14, 17, 18, 19, 20, 21, 24, 25, 41, 57, 63, 64, 65, 68, 69, 72, 75, 112, 153, 201, 211, 214, 219, 224, 225, 228, 229, 234, 244, 246, 248, 250, 251, 255], "summary": {"covered_lines": 38, "num_statements": 93, "percent_covered": 40.86021505376344, "percent_covered_display": "40.86", "missing_lines": 55, "excluded_lines": 0}, "missing_lines": [70, 77, 78, 81, 102, 104, 106, 107, 108, 110, 121, 122, 123, 126, 129, 130, 132, 134, 138, 139, 140, 142, 145, 146, 147, 148, 151, 163, 165, 166, 167, 169, 178, 179, 181, 182, 183, 184, 186, 187, 189, 192, 193, 195, 197, 198, 199, 232, 247, 249, 253, 265, 266, 267, 269], "excluded_lines": [], "functions": {"Router.__init__": {"executed_lines": [57, 63, 64, 65, 68, 69, 72], "summary": {"covered_lines": 7, "num_statements": 8, "percent_covered": 87.5, "percent_covered_display": "87.50", "missing_lines": 1, "excluded_lines": 0}, "missing_lines": [70], "excluded_lines": []}, "Router._precompute_task_embeddings": {"executed_lines": [], "summary": {"covered_lines": 0, "num_statements": 9, "percent_covered": 0.0, "percent_covered_display": "0.00", "missing_lines": 9, "excluded_lines": 0}, "missing_lines": [77, 78, 81, 102, 104, 106, 107, 108, 110], "excluded_lines": []}, "Router._route_semantic": {"executed_lines": [], "summary": {"covered_lines": 0, "num_statements": 17, "percent_covered": 0.0, "percent_covered_display": "0.00", "missing_lines": 17, "excluded_lines": 0}, "missing_lines": [121, 122, 123, 126, 129, 130, 132, 134, 138, 139, 140, 142, 145, 146, 147, 148, 151], "excluded_lines": []}, "Router._route_llm_judge": {"executed_lines": [], "summary": {"covered_lines": 0, "num_statements": 20, "percent_covered": 0.0, "percent_covered_display": "0.00", "missing_lines": 20, "excluded_lines": 0}, "missing_lines": [163, 165, 166, 167, 169, 178, 179, 181, 182, 183, 184, 186, 187, 189, 192, 193, 195, 197, 198, 199], "excluded_lines": []}, "Router._route_rule_based": {"executed_lines": [211, 214, 219, 224, 225, 228, 229], "summary": {"covered_lines": 7, "num_statements": 8, "percent_covered": 87.5, "percent_covered_display": "87.50", "missing_lines": 1, "excluded_lines": 0}, "missing_lines": [232], "excluded_lines": []}, "Router.route": {"executed_lines": [244, 246, 248, 250, 251], "summary": {"covered_lines": 5, "num_statements": 8, "percent_covered": 62.5, "percent_covered_display": "62.50", "missing_lines": 3, "excluded_lines": 0}, "missing_lines": [247, 249, 253], "excluded_lines": []}, "Router.run": {"executed_lines": [], "summary": {"covered_lines": 0, "num_statements": 4, "percent_covered": 0.0, "percent_covered_display": "0.00", "missing_lines": 4, "excluded_lines": 0}, "missing_lines": [265, 266, 267, 269], "excluded_lines": []}, "": {"executed_lines": [1, 7, 8, 9, 10, 11, 12, 14, 17, 18, 19, 20, 21, 24, 25, 41, 75, 112, 153, 201, 234, 255], "summary": {"covered_lines": 19, "num_statements": 19, "percent_covered": 100.0, "percent_covered_display": "100.00", "missing_lines": 0, "excluded_lines": 0}, "missing_lines": [], "excluded_lines": []}}, "classes": {"RoutingStrategy": {"executed_lines": [], "summary": {"covered_lines": 0, "num_statements": 0, "percent_covered": 100.0, "percent_covered_display": "100.00", "missing_lines": 0, "excluded_lines": 0}, "missing_lines": [], "excluded_lines": []}, "Router": {"executed_lines": [57, 63, 64, 65, 68, 69, 72, 211, 214, 219, 224, 225, 228, 229, 244, 246, 248, 250, 251], "summary": {"covered_lines": 19, "num_statements": 74, "percent_covered": 25.675675675675677, "percent_covered_display": "25.68", "missing_lines": 55, "excluded_lines": 0}, "missing_lines": [70, 77, 78, 81, 102, 104, 106, 107, 108, 110, 121, 122, 123, 126, 129, 130, 132, 134, 138, 139, 140, 142, 145, 146, 147, 148, 151, 163, 165, 166, 167, 169, 178, 179, 181, 182, 183, 184, 186, 187, 189, 192, 193, 195, 197, 198, 199, 232, 247, 249, 253, 265, 266, 267, 269], "excluded_lines": []}, "": {"executed_lines": [1, 7, 8, 9, 10, 11, 12, 14, 17, 18, 19, 20, 21, 24, 25, 41, 75, 112, 153, 201, 234, 255], "summary": {"covered_lines": 19, "num_statements": 19, "percent_covered": 100.0, "percent_covered_display": "100.00", "missing_lines": 0, "excluded_lines": 0}, "missing_lines": [], "excluded_lines": []}}}, "rag_chatbot/tools.py": {"executed_lines": [1, 7, 8, 9, 10, 12, 15, 16, 23, 31, 32, 33, 34, 36, 37, 49, 54, 55, 60, 74, 95, 96, 98, 100, 106, 116, 118, 121, 122, 123, 124, 125, 126, 129, 130, 132, 140], "summary": {"covered_lines": 32, "num_statements": 47, "percent_covered": 68.08510638297872, "percent_covered_display": "68.09", "missing_lines": 15, "excluded_lines": 0}, "missing_lines": [47, 51, 67, 72, 84, 86, 87, 88, 89, 90, 91, 92, 134, 150, 151], "excluded_lines": [], "functions": {"BaseTool.__init__": {"executed_lines": [31, 32, 33, 34], "summary": {"covered_lines": 4, "num_statements": 4, "percent_covered": 100.0, "percent_covered_display": "100.00", "missing_lines": 0, "excluded_lines": 0}, "missing_lines": [], "excluded_lines": []}, "BaseTool.use": {"executed_lines": [], "summary": {"covered_lines": 0, "num_statements": 1, "percent_covered": 0.0, "percent_covered_display": "0.00", "missing_lines": 1, "excluded_lines": 0}, "missing_lines": [47], "excluded_lines": []}, "BaseTool.__str__": {"executed_lines": [], "summary": {"covered_lines": 0, "num_statements": 1, "percent_covered": 0.0, "percent_covered_display": "0.00", "missing_lines": 1, "excluded_lines": 0}, "missing_lines": [51], "excluded_lines": []}, "RAGTool.__init__": {"executed_lines": [], "summary": {"covered_lines": 0, "num_statements": 2, "percent_covered": 0.0, "percent_covered_display": "0.00", "missing_lines": 2, "excluded_lines": 0}, "missing_lines": [67, 72], "excluded_lines": []}, "RAGTool.use": {"executed_lines": [], "summary": {"covered_lines": 0, "num_statements": 8, "percent_covered": 0.0, "percent_covered_display": "0.00", "missing_lines": 8, "excluded_lines": 0}, "missing_lines": [84, 86, 87, 88, 89, 90, 91, 92], "excluded_lines": []}, "CalculatorTool.__init__": {"executed_lines": [100], "summary": {"covered_lines": 1, "num_statements": 1, "percent_covered": 100.0, "percent_covered_display": "100.00", "missing_lines": 0, "excluded_lines": 0}, "missing_lines": [], "excluded_lines": []}, "CalculatorTool.use": {"executed_lines": [116, 118, 121, 122, 123, 124, 125, 126], "summary": {"covered_lines": 8, "num_statements": 8, "percent_covered": 100.0, "percent_covered_display": "100.00", "missing_lines": 0, "excluded_lines": 0}, "missing_lines": [], "excluded_lines": []}, "MockSearchTool.__init__": {"executed_lines": [], "summary": {"covered_lines": 0, "num_statements": 1, "percent_covered": 0.0, "percent_covered_display": "0.00", "missing_lines": 1, "excluded_lines": 0}, "missing_lines": [134], "excluded_lines": []}, "MockSearchTool.use": {"executed_lines": [], "summary": {"covered_lines": 0, "num_statements": 2, "percent_covered": 0.0, "percent_covered_display": "0.00", "missing_lines": 2, "excluded_lines": 0}, "missing_lines": [150, 151], "excluded_lines": []}, "": {"executed_lines": [1, 7, 8, 9, 10, 12, 15, 16, 23, 36, 37, 49, 54, 55, 60, 74, 95, 96, 98, 106, 129, 130, 132, 140], "summary": {"covered_lines": 19, "num_statements": 19, "percent_covered": 100.0, "percent_covered_display": "100.00", "missing_lines": 0, "excluded_lines": 0}, "missing_lines": [], "excluded_lines": []}}, "classes": {"BaseTool": {"executed_lines": [31, 32, 33, 34], "summary": {"covered_lines": 4, "num_statements": 6, "percent_covered": 66.66666666666667, "percent_covered_display": "66.67", "missing_lines": 2, "excluded_lines": 0}, "missing_lines": [47, 51], "excluded_lines": []}, "RAGTool": {"executed_lines": [], "summary": {"covered_lines": 0, "num_statements": 10, "percent_covered": 0.0, "percent_covered_display": "0.00", "missing_lines": 10, "excluded_lines": 0}, "missing_lines": [67, 72, 84, 86, 87, 88, 89, 90, 91, 92], "excluded_lines": []}, "CalculatorTool": {"executed_lines": [100, 116, 118, 121, 122, 123, 124, 125, 126], "summary": {"covered_lines": 9, "num_statements": 9, "percent_covered": 100.0, "percent_covered_display": "100.00", "missing_lines": 0, "excluded_lines": 0}, "missing_lines": [], "excluded_lines": []}, "MockSearchTool": {"executed_lines": [], "summary": {"covered_lines": 0, "num_statements": 3, "percent_covered": 0.0, "percent_covered_display": "0.00", "missing_lines": 3, "excluded_lines": 0}, "missing_lines": [134, 150, 151], "excluded_lines": []}, "": {"executed_lines": [1, 7, 8, 9, 10, 12, 15, 16, 23, 36, 37, 49, 54, 55, 60, 74, 95, 96, 98, 106, 129, 130, 132, 140], "summary": {"covered_lines": 19, "num_statements": 19, "percent_covered": 100.0, "percent_covered_display": "100.00", "missing_lines": 0, "excluded_lines": 0}, "missing_lines": [], "excluded_lines": []}}}}, "totals": {"covered_lines": 614, "num_statements": 1126, "percent_covered": 54.52930728241563, "percent_covered_display": "54.53", "missing_lines": 512, "excluded_lines": 0}}